<?xml version="1.0" encoding="UTF-8"?>
<!-- Generated by org.testng.reporters.JUnitXMLReporter -->
<testsuite ignored="0" hostname="Gunit" failures="1" tests="2" name="Banking App Test" time="37.018" errors="0" timestamp="2022-10-11T09:27:16 IST">
  <testcase classname="Com.InetBanking.TestCases.TC_LoginTest_001" name="loginTest on [TC_LoginTest_001 passed=0 failed=0 skipped=0]" time="3.418"/>
  <testcase classname="Com.InetBanking.TestCases.TC_AddNewCust_002" name="AddNewCustomer on [TC_AddNewCust_002 passed=0 failed=0 skipped=0]" time="10.652">
    <failure type="org.openqa.selenium.NoSuchElementException" message="Unable to find element with locator By.name: name
For documentation on this error, please visit: https://selenium.dev/exceptions/#no_such_element
Build info: version: &amp;apos;4.4.0&amp;apos;, revision: &amp;apos;e5c75ed026a&amp;apos;
System info: host: &amp;apos;GUNIT&amp;apos;, ip: &amp;apos;192.168.104.159&amp;apos;, os.name: &amp;apos;Windows 11&amp;apos;, os.arch: &amp;apos;amd64&amp;apos;, os.version: &amp;apos;10.0&amp;apos;, java.version: &amp;apos;18.0.2&amp;apos;
Driver info: driver.version: RemoteWebDriver">
      <![CDATA[org.openqa.selenium.NoSuchElementException: Unable to find element with locator By.name: name
For documentation on this error, please visit: https://selenium.dev/exceptions/#no_such_element
Build info: version: '4.4.0', revision: 'e5c75ed026a'
System info: host: 'GUNIT', ip: '192.168.104.159', os.name: 'Windows 11', os.arch: 'amd64', os.version: '10.0', java.version: '18.0.2'
Driver info: driver.version: RemoteWebDriver
at org.openqa.selenium.remote.ElementLocation$ElementFinder$2.findElement(ElementLocation.java:165)
at org.openqa.selenium.remote.ElementLocation.findElement(ElementLocation.java:60)
at org.openqa.selenium.remote.RemoteWebDriver.findElement(RemoteWebDriver.java:365)
at org.openqa.selenium.remote.RemoteWebDriver.findElement(RemoteWebDriver.java:357)
at org.openqa.selenium.support.pagefactory.DefaultElementLocator.findElement(DefaultElementLocator.java:70)
at org.openqa.selenium.support.pagefactory.internal.LocatingElementHandler.invoke(LocatingElementHandler.java:39)
at jdk.proxy2/jdk.proxy2.$Proxy22.sendKeys(Unknown Source)
at Com.InetBanking.PageObject.AddCustPage.SetCustName(AddCustPage.java:74)
at Com.InetBanking.TestCases.TC_AddNewCust_002.AddNewCustomer(TC_AddNewCust_002.java:29)
at java.base/java.util.ArrayList.forEach(ArrayList.java:1511)
... Removed 25 stack frames]]>
    </failure>
  </testcase> <!-- AddNewCustomer on [TC_AddNewCust_002 passed=0 failed=0 skipped=0] -->
</testsuite> <!-- Banking App Test -->
